<?xml version="1.0" encoding="UTF-8"?>
<testng-results ignored="0" total="1" passed="1" failed="0" skipped="0">
  <reporter-output>
  </reporter-output>
  <suite started-at="2024-06-05T12:19:56 IST" name="Default suite" finished-at="2024-06-05T12:20:20 IST" duration-ms="23642">
    <groups>
    </groups>
    <test started-at="2024-06-05T12:19:56 IST" name="Default test" finished-at="2024-06-05T12:20:20 IST" duration-ms="23642">
      <class name="testcases.TestCase1">
        <test-method is-config="true" signature="setUp()[pri:0, instance:testcases.TestCase1@4fa1c212]" started-at="2024-06-05T12:19:56 IST" name="setUp" finished-at="2024-06-05T12:20:08 IST" duration-ms="11951" status="PASS">
          <reporter-output>
          </reporter-output>
        </test-method> <!-- setUp -->
        <test-method is-config="true" signature="setUpExtendReport()[pri:0, instance:testcases.TestCase1@4fa1c212]" started-at="2024-06-05T12:20:08 IST" name="setUpExtendReport" finished-at="2024-06-05T12:20:08 IST" duration-ms="296" status="PASS">
          <reporter-output>
          </reporter-output>
        </test-method> <!-- setUpExtendReport -->
        <test-method signature="testCase1()[pri:0, instance:testcases.TestCase1@4fa1c212]" started-at="2024-06-05T12:20:08 IST" name="testCase1" finished-at="2024-06-05T12:20:19 IST" duration-ms="10151" status="PASS">
          <reporter-output>
          </reporter-output>
        </test-method> <!-- testCase1 -->
        <test-method is-config="true" signature="closeExtend()[pri:0, instance:testcases.TestCase1@4fa1c212]" started-at="2024-06-05T12:20:19 IST" name="closeExtend" finished-at="2024-06-05T12:20:19 IST" duration-ms="615" status="PASS">
          <reporter-output>
          </reporter-output>
        </test-method> <!-- closeExtend -->
        <test-method is-config="true" signature="tearDown()[pri:0, instance:testcases.TestCase1@4fa1c212]" started-at="2024-06-05T12:20:19 IST" name="tearDown" finished-at="2024-06-05T12:20:20 IST" duration-ms="549" status="PASS">
          <reporter-output>
          </reporter-output>
        </test-method> <!-- tearDown -->
      </class> <!-- testcases.TestCase1 -->
    </test> <!-- Default test -->
  </suite> <!-- Default suite -->
</testng-results>
